{"/Users/matthewburfield/Development/FreeCodeCamp/random-dungeon-generator/src/index.js": {"path":"/Users/matthewburfield/Development/FreeCodeCamp/random-dungeon-generator/src/index.js","statementMap":{"0":{"start":{"line":1,"column":17},"end":{"line":1,"column":27}},"1":{"start":{"line":2,"column":19},"end":{"line":2,"column":31}},"2":{"start":{"line":5,"column":2},"end":{"line":5,"column":14}},"3":{"start":{"line":16,"column":2},"end":{"line":16,"column":62}},"4":{"start":{"line":25,"column":2},"end":{"line":27,"column":3}},"5":{"start":{"line":26,"column":4},"end":{"line":26,"column":13}},"6":{"start":{"line":29,"column":21},"end":{"line":29,"column":48}},"7":{"start":{"line":30,"column":2},"end":{"line":30,"column":66}},"8":{"start":{"line":39,"column":21},"end":{"line":39,"column":37}},"9":{"start":{"line":40,"column":20},"end":{"line":40,"column":39}},"10":{"start":{"line":41,"column":2},"end":{"line":48,"column":3}},"11":{"start":{"line":42,"column":4},"end":{"line":47,"column":6}},"12":{"start":{"line":43,"column":6},"end":{"line":45,"column":7}},"13":{"start":{"line":44,"column":8},"end":{"line":44,"column":16}},"14":{"start":{"line":46,"column":6},"end":{"line":46,"column":16}},"15":{"start":{"line":60,"column":26},"end":{"line":277,"column":1}},"16":{"start":{"line":63,"column":18},"end":{"line":261,"column":3}},"17":{"start":{"line":67,"column":6},"end":{"line":67,"column":26}},"18":{"start":{"line":68,"column":6},"end":{"line":68,"column":27}},"19":{"start":{"line":69,"column":6},"end":{"line":69,"column":22}},"20":{"start":{"line":72,"column":6},"end":{"line":76,"column":7}},"21":{"start":{"line":74,"column":10},"end":{"line":74,"column":46}},"22":{"start":{"line":77,"column":6},"end":{"line":77,"column":27}},"23":{"start":{"line":78,"column":6},"end":{"line":78,"column":34}},"24":{"start":{"line":83,"column":6},"end":{"line":85,"column":7}},"25":{"start":{"line":84,"column":8},"end":{"line":84,"column":111}},"26":{"start":{"line":86,"column":6},"end":{"line":86,"column":28}},"27":{"start":{"line":91,"column":6},"end":{"line":93,"column":7}},"28":{"start":{"line":92,"column":8},"end":{"line":92,"column":112}},"29":{"start":{"line":94,"column":6},"end":{"line":94,"column":28}},"30":{"start":{"line":108,"column":6},"end":{"line":149,"column":7}},"31":{"start":{"line":111,"column":31},"end":{"line":113,"column":9}},"32":{"start":{"line":114,"column":29},"end":{"line":116,"column":9}},"33":{"start":{"line":118,"column":20},"end":{"line":118,"column":38}},"34":{"start":{"line":119,"column":20},"end":{"line":119,"column":39}},"35":{"start":{"line":120,"column":8},"end":{"line":120,"column":44}},"36":{"start":{"line":121,"column":8},"end":{"line":121,"column":38}},"37":{"start":{"line":127,"column":8},"end":{"line":133,"column":9}},"38":{"start":{"line":128,"column":10},"end":{"line":128,"column":73}},"39":{"start":{"line":128,"column":46},"end":{"line":128,"column":72}},"40":{"start":{"line":129,"column":10},"end":{"line":129,"column":82}},"41":{"start":{"line":129,"column":46},"end":{"line":129,"column":81}},"42":{"start":{"line":131,"column":10},"end":{"line":131,"column":57}},"43":{"start":{"line":132,"column":10},"end":{"line":132,"column":73}},"44":{"start":{"line":138,"column":8},"end":{"line":138,"column":25}},"45":{"start":{"line":139,"column":8},"end":{"line":139,"column":25}},"46":{"start":{"line":146,"column":8},"end":{"line":146,"column":25}},"47":{"start":{"line":147,"column":8},"end":{"line":147,"column":71}},"48":{"start":{"line":147,"column":43},"end":{"line":147,"column":70}},"49":{"start":{"line":147,"column":57},"end":{"line":147,"column":69}},"50":{"start":{"line":148,"column":8},"end":{"line":148,"column":50}},"51":{"start":{"line":163,"column":31},"end":{"line":163,"column":33}},"52":{"start":{"line":164,"column":6},"end":{"line":166,"column":7}},"53":{"start":{"line":165,"column":8},"end":{"line":165,"column":41}},"54":{"start":{"line":167,"column":6},"end":{"line":169,"column":7}},"55":{"start":{"line":168,"column":8},"end":{"line":168,"column":39}},"56":{"start":{"line":170,"column":6},"end":{"line":170,"column":29}},"57":{"start":{"line":182,"column":18},"end":{"line":182,"column":34}},"58":{"start":{"line":183,"column":18},"end":{"line":183,"column":93}},"59":{"start":{"line":184,"column":6},"end":{"line":184,"column":47}},"60":{"start":{"line":197,"column":6},"end":{"line":201,"column":7}},"61":{"start":{"line":198,"column":8},"end":{"line":198,"column":40}},"62":{"start":{"line":200,"column":8},"end":{"line":200,"column":14}},"63":{"start":{"line":203,"column":6},"end":{"line":207,"column":7}},"64":{"start":{"line":204,"column":8},"end":{"line":204,"column":41}},"65":{"start":{"line":206,"column":8},"end":{"line":206,"column":14}},"66":{"start":{"line":209,"column":20},"end":{"line":209,"column":39}},"67":{"start":{"line":210,"column":20},"end":{"line":210,"column":40}},"68":{"start":{"line":218,"column":6},"end":{"line":240,"column":7}},"69":{"start":{"line":225,"column":23},"end":{"line":225,"column":68}},"70":{"start":{"line":226,"column":8},"end":{"line":226,"column":35}},"71":{"start":{"line":227,"column":8},"end":{"line":227,"column":46}},"72":{"start":{"line":228,"column":8},"end":{"line":228,"column":46}},"73":{"start":{"line":229,"column":8},"end":{"line":229,"column":28}},"74":{"start":{"line":230,"column":8},"end":{"line":230,"column":28}},"75":{"start":{"line":234,"column":23},"end":{"line":234,"column":71}},"76":{"start":{"line":235,"column":8},"end":{"line":235,"column":35}},"77":{"start":{"line":236,"column":8},"end":{"line":236,"column":43}},"78":{"start":{"line":237,"column":8},"end":{"line":237,"column":43}},"79":{"start":{"line":238,"column":8},"end":{"line":238,"column":28}},"80":{"start":{"line":239,"column":8},"end":{"line":239,"column":28}},"81":{"start":{"line":246,"column":6},"end":{"line":246,"column":21}},"82":{"start":{"line":247,"column":6},"end":{"line":259,"column":7}},"83":{"start":{"line":248,"column":8},"end":{"line":254,"column":14}},"84":{"start":{"line":249,"column":23},"end":{"line":249,"column":25}},"85":{"start":{"line":250,"column":10},"end":{"line":250,"column":36}},"86":{"start":{"line":251,"column":10},"end":{"line":251,"column":36}},"87":{"start":{"line":252,"column":10},"end":{"line":252,"column":24}},"88":{"start":{"line":253,"column":10},"end":{"line":253,"column":20}},"89":{"start":{"line":257,"column":8},"end":{"line":257,"column":33}},"90":{"start":{"line":258,"column":8},"end":{"line":258,"column":33}},"91":{"start":{"line":274,"column":18},"end":{"line":274,"column":40}},"92":{"start":{"line":275,"column":2},"end":{"line":275,"column":55}},"93":{"start":{"line":276,"column":2},"end":{"line":276,"column":27}}},"fnMap":{"0":{"name":"sum","decl":{"start":{"line":4,"column":16},"end":{"line":4,"column":19}},"loc":{"start":{"line":4,"column":26},"end":{"line":6,"column":1}},"line":4},"1":{"name":"randomIndexBetweenValues","decl":{"start":{"line":15,"column":9},"end":{"line":15,"column":33}},"loc":{"start":{"line":15,"column":44},"end":{"line":17,"column":1}},"line":15},"2":{"name":"randomDirection","decl":{"start":{"line":24,"column":9},"end":{"line":24,"column":24}},"loc":{"start":{"line":24,"column":68},"end":{"line":31,"column":1}},"line":24},"3":{"name":"AddRoomBoundaries","decl":{"start":{"line":38,"column":9},"end":{"line":38,"column":26}},"loc":{"start":{"line":38,"column":34},"end":{"line":49,"column":1}},"line":38},"4":{"name":"(anonymous_4)","decl":{"start":{"line":41,"column":19},"end":{"line":41,"column":20}},"loc":{"start":{"line":42,"column":4},"end":{"line":47,"column":6}},"line":42},"5":{"name":"(anonymous_5)","decl":{"start":{"line":42,"column":12},"end":{"line":42,"column":13}},"loc":{"start":{"line":42,"column":29},"end":{"line":47,"column":5}},"line":42},"6":{"name":"(anonymous_6)","decl":{"start":{"line":60,"column":26},"end":{"line":60,"column":27}},"loc":{"start":{"line":62,"column":2},"end":{"line":277,"column":1}},"line":62},"7":{"name":"(anonymous_7)","decl":{"start":{"line":73,"column":57},"end":{"line":73,"column":58}},"loc":{"start":{"line":74,"column":10},"end":{"line":74,"column":46}},"line":74},"8":{"name":"(anonymous_8)","decl":{"start":{"line":128,"column":39},"end":{"line":128,"column":40}},"loc":{"start":{"line":128,"column":46},"end":{"line":128,"column":72}},"line":128},"9":{"name":"(anonymous_9)","decl":{"start":{"line":129,"column":39},"end":{"line":129,"column":40}},"loc":{"start":{"line":129,"column":46},"end":{"line":129,"column":81}},"line":129},"10":{"name":"(anonymous_10)","decl":{"start":{"line":147,"column":36},"end":{"line":147,"column":37}},"loc":{"start":{"line":147,"column":43},"end":{"line":147,"column":70}},"line":147},"11":{"name":"(anonymous_11)","decl":{"start":{"line":147,"column":51},"end":{"line":147,"column":52}},"loc":{"start":{"line":147,"column":57},"end":{"line":147,"column":69}},"line":147},"12":{"name":"(anonymous_12)","decl":{"start":{"line":248,"column":34},"end":{"line":248,"column":35}},"loc":{"start":{"line":248,"column":55},"end":{"line":254,"column":9}},"line":248}},"branchMap":{"0":{"loc":{"start":{"line":24,"column":25},"end":{"line":24,"column":66}},"type":"default-arg","locations":[{"start":{"line":24,"column":44},"end":{"line":24,"column":66}}],"line":24},"1":{"loc":{"start":{"line":25,"column":2},"end":{"line":27,"column":3}},"type":"if","locations":[{"start":{"line":25,"column":2},"end":{"line":27,"column":3}},{"start":{"line":25,"column":2},"end":{"line":27,"column":3}}],"line":25},"2":{"loc":{"start":{"line":43,"column":6},"end":{"line":45,"column":7}},"type":"if","locations":[{"start":{"line":43,"column":6},"end":{"line":45,"column":7}},{"start":{"line":43,"column":6},"end":{"line":45,"column":7}}],"line":43},"3":{"loc":{"start":{"line":43,"column":10},"end":{"line":43,"column":87}},"type":"binary-expr","locations":[{"start":{"line":43,"column":10},"end":{"line":43,"column":22}},{"start":{"line":43,"column":26},"end":{"line":43,"column":47}},{"start":{"line":43,"column":51},"end":{"line":43,"column":63}},{"start":{"line":43,"column":67},"end":{"line":43,"column":87}}],"line":43},"4":{"loc":{"start":{"line":61,"column":4},"end":{"line":61,"column":14}},"type":"default-arg","locations":[{"start":{"line":61,"column":12},"end":{"line":61,"column":14}}],"line":61},"5":{"loc":{"start":{"line":61,"column":16},"end":{"line":61,"column":27}},"type":"default-arg","locations":[{"start":{"line":61,"column":25},"end":{"line":61,"column":27}}],"line":61},"6":{"loc":{"start":{"line":61,"column":29},"end":{"line":61,"column":44}},"type":"default-arg","locations":[{"start":{"line":61,"column":43},"end":{"line":61,"column":44}}],"line":61},"7":{"loc":{"start":{"line":61,"column":46},"end":{"line":61,"column":62}},"type":"default-arg","locations":[{"start":{"line":61,"column":60},"end":{"line":61,"column":62}}],"line":61},"8":{"loc":{"start":{"line":83,"column":6},"end":{"line":85,"column":7}},"type":"if","locations":[{"start":{"line":83,"column":6},"end":{"line":85,"column":7}},{"start":{"line":83,"column":6},"end":{"line":85,"column":7}}],"line":83},"9":{"loc":{"start":{"line":91,"column":6},"end":{"line":93,"column":7}},"type":"if","locations":[{"start":{"line":91,"column":6},"end":{"line":93,"column":7}},{"start":{"line":91,"column":6},"end":{"line":93,"column":7}}],"line":91},"10":{"loc":{"start":{"line":108,"column":6},"end":{"line":149,"column":7}},"type":"if","locations":[{"start":{"line":108,"column":6},"end":{"line":149,"column":7}},{"start":{"line":108,"column":6},"end":{"line":149,"column":7}}],"line":108},"11":{"loc":{"start":{"line":108,"column":10},"end":{"line":108,"column":89}},"type":"binary-expr","locations":[{"start":{"line":108,"column":10},"end":{"line":108,"column":46}},{"start":{"line":108,"column":50},"end":{"line":108,"column":89}}],"line":108},"12":{"loc":{"start":{"line":127,"column":8},"end":{"line":133,"column":9}},"type":"if","locations":[{"start":{"line":127,"column":8},"end":{"line":133,"column":9}},{"start":{"line":127,"column":8},"end":{"line":133,"column":9}}],"line":127},"13":{"loc":{"start":{"line":164,"column":6},"end":{"line":166,"column":7}},"type":"if","locations":[{"start":{"line":164,"column":6},"end":{"line":166,"column":7}},{"start":{"line":164,"column":6},"end":{"line":166,"column":7}}],"line":164},"14":{"loc":{"start":{"line":167,"column":6},"end":{"line":169,"column":7}},"type":"if","locations":[{"start":{"line":167,"column":6},"end":{"line":169,"column":7}},{"start":{"line":167,"column":6},"end":{"line":169,"column":7}}],"line":167},"15":{"loc":{"start":{"line":183,"column":18},"end":{"line":183,"column":93}},"type":"cond-expr","locations":[{"start":{"line":183,"column":48},"end":{"line":183,"column":70}},{"start":{"line":183,"column":73},"end":{"line":183,"column":93}}],"line":183},"16":{"loc":{"start":{"line":197,"column":6},"end":{"line":201,"column":7}},"type":"if","locations":[{"start":{"line":197,"column":6},"end":{"line":201,"column":7}},{"start":{"line":197,"column":6},"end":{"line":201,"column":7}}],"line":197},"17":{"loc":{"start":{"line":203,"column":6},"end":{"line":207,"column":7}},"type":"if","locations":[{"start":{"line":203,"column":6},"end":{"line":207,"column":7}},{"start":{"line":203,"column":6},"end":{"line":207,"column":7}}],"line":203},"18":{"loc":{"start":{"line":218,"column":6},"end":{"line":240,"column":7}},"type":"if","locations":[{"start":{"line":218,"column":6},"end":{"line":240,"column":7}},{"start":{"line":218,"column":6},"end":{"line":240,"column":7}}],"line":218},"19":{"loc":{"start":{"line":247,"column":6},"end":{"line":259,"column":7}},"type":"if","locations":[{"start":{"line":247,"column":6},"end":{"line":259,"column":7}},{"start":{"line":247,"column":6},"end":{"line":259,"column":7}}],"line":247}},"s":{"0":1,"1":1,"2":1,"3":0,"4":0,"5":0,"6":0,"7":0,"8":0,"9":0,"10":0,"11":0,"12":0,"13":0,"14":0,"15":1,"16":0,"17":0,"18":0,"19":0,"20":0,"21":0,"22":0,"23":0,"24":0,"25":0,"26":0,"27":0,"28":0,"29":0,"30":0,"31":0,"32":0,"33":0,"34":0,"35":0,"36":0,"37":0,"38":0,"39":0,"40":0,"41":0,"42":0,"43":0,"44":0,"45":0,"46":0,"47":0,"48":0,"49":0,"50":0,"51":0,"52":0,"53":0,"54":0,"55":0,"56":0,"57":0,"58":0,"59":0,"60":0,"61":0,"62":0,"63":0,"64":0,"65":0,"66":0,"67":0,"68":0,"69":0,"70":0,"71":0,"72":0,"73":0,"74":0,"75":0,"76":0,"77":0,"78":0,"79":0,"80":0,"81":0,"82":0,"83":0,"84":0,"85":0,"86":0,"87":0,"88":0,"89":0,"90":0,"91":0,"92":0,"93":0},"f":{"0":1,"1":0,"2":0,"3":0,"4":0,"5":0,"6":0,"7":0,"8":0,"9":0,"10":0,"11":0,"12":0},"b":{"0":[0],"1":[0,0],"2":[0,0],"3":[0,0,0,0],"4":[0],"5":[0],"6":[0],"7":[0],"8":[0,0],"9":[0,0],"10":[0,0],"11":[0,0],"12":[0,0],"13":[0,0],"14":[0,0],"15":[0,0],"16":[0,0],"17":[0,0],"18":[0,0],"19":[0,0]},"_coverageSchema":"332fd63041d2c1bcb487cc26dd0d5f7d97098a6c","hash":"0126874888468a7e9ae6e18321f7e917f3a22b7c"}
}
