TN:
SF:/Users/matthewburfield/Development/FreeCodeCamp/random-dungeon-generator/src/index.js
FN:4,sum
FN:15,randomIndexBetweenValues
FN:24,randomDirection
FN:38,AddRoomBoundaries
FN:41,(anonymous_4)
FN:42,(anonymous_5)
FN:60,(anonymous_6)
FN:73,(anonymous_7)
FN:128,(anonymous_8)
FN:129,(anonymous_9)
FN:147,(anonymous_10)
FN:147,(anonymous_11)
FN:248,(anonymous_12)
FNF:13
FNH:1
FNDA:1,sum
FNDA:0,randomIndexBetweenValues
FNDA:0,randomDirection
FNDA:0,AddRoomBoundaries
FNDA:0,(anonymous_4)
FNDA:0,(anonymous_5)
FNDA:0,(anonymous_6)
FNDA:0,(anonymous_7)
FNDA:0,(anonymous_8)
FNDA:0,(anonymous_9)
FNDA:0,(anonymous_10)
FNDA:0,(anonymous_11)
FNDA:0,(anonymous_12)
DA:1,1
DA:2,1
DA:5,1
DA:16,0
DA:25,0
DA:26,0
DA:29,0
DA:30,0
DA:39,0
DA:40,0
DA:41,0
DA:42,0
DA:43,0
DA:44,0
DA:46,0
DA:60,1
DA:63,0
DA:67,0
DA:68,0
DA:69,0
DA:72,0
DA:74,0
DA:77,0
DA:78,0
DA:83,0
DA:84,0
DA:86,0
DA:91,0
DA:92,0
DA:94,0
DA:108,0
DA:111,0
DA:114,0
DA:118,0
DA:119,0
DA:120,0
DA:121,0
DA:127,0
DA:128,0
DA:129,0
DA:131,0
DA:132,0
DA:138,0
DA:139,0
DA:146,0
DA:147,0
DA:148,0
DA:163,0
DA:164,0
DA:165,0
DA:167,0
DA:168,0
DA:170,0
DA:182,0
DA:183,0
DA:184,0
DA:197,0
DA:198,0
DA:200,0
DA:203,0
DA:204,0
DA:206,0
DA:209,0
DA:210,0
DA:218,0
DA:225,0
DA:226,0
DA:227,0
DA:228,0
DA:229,0
DA:230,0
DA:234,0
DA:235,0
DA:236,0
DA:237,0
DA:238,0
DA:239,0
DA:246,0
DA:247,0
DA:248,0
DA:249,0
DA:250,0
DA:251,0
DA:252,0
DA:253,0
DA:257,0
DA:258,0
DA:274,0
DA:275,0
DA:276,0
LF:90
LH:4
BRDA:24,0,0,0
BRDA:25,1,0,0
BRDA:25,1,1,0
BRDA:43,2,0,0
BRDA:43,2,1,0
BRDA:43,3,0,0
BRDA:43,3,1,0
BRDA:43,3,2,0
BRDA:43,3,3,0
BRDA:61,4,0,0
BRDA:61,5,0,0
BRDA:61,6,0,0
BRDA:61,7,0,0
BRDA:83,8,0,0
BRDA:83,8,1,0
BRDA:91,9,0,0
BRDA:91,9,1,0
BRDA:108,10,0,0
BRDA:108,10,1,0
BRDA:108,11,0,0
BRDA:108,11,1,0
BRDA:127,12,0,0
BRDA:127,12,1,0
BRDA:164,13,0,0
BRDA:164,13,1,0
BRDA:167,14,0,0
BRDA:167,14,1,0
BRDA:183,15,0,0
BRDA:183,15,1,0
BRDA:197,16,0,0
BRDA:197,16,1,0
BRDA:203,17,0,0
BRDA:203,17,1,0
BRDA:218,18,0,0
BRDA:218,18,1,0
BRDA:247,19,0,0
BRDA:247,19,1,0
BRF:37
BRH:0
end_of_record
